
.@.............
...............
...............
...............
...............
...............
...............
....ooo#.......
...............
...............
...............
...............
...............
...............
...............

.@.............
...............
...............
...............
...............
...............
.......#.......
.....ooo.......
...............
...............
...............
...............
...............
...............
...............

.@.............
...............
...............
...............
...............
.......#.......
.......o.......
......oo.......
...............
...............
...............
...............
...............
...............
...............

.@.............
...............
...............
...............
.......#.......
.......o.......
.......o.......
.......o.......
...............
...............
...............
...............
...............
...............
...............

.@.............
...............
...............
.......#.......
.......o.......
.......o.......
.......o.......
...............
...............
...............
...............
...............
...............
...............
...............

.@.............
...............
.......#.......
.......o.......
.......o.......
.......o.......
...............
...............
...............
...............
...............
...............
...............
...............
...............

.@.............
.......#.......
.......o.......
.......o.......
.......o.......
...............
...............
...............
...............
...............
...............
...............
...............
...............
...............

.@.....#.......
.......o.......
.......o.......
.......o.......
...............
...............
...............
...............
...............
...............
...............
...............
...............
...............
...............

.@....#o.......
.......o.......
.......o.......
...............
...............
...............
...............
...............
...............
...............
...............
...............
...............
...............
...............

.@...#oo.......
.......o.......
...............
...............
...............
...............
...............
...............
...............
...............
...............
...............
...............
...............
...............

.@..#ooo.......
...............
...............
...............
...............
...............
...............
...............
...............
...............
...............
...............
...............
...............
...............

.@.#ooo........
...............
...............
...............
...............
...............
...............
...............
...............
...............
...............
...............
...............
...............
...............

.@#ooo.........
...............
...............
...............
...............
...............
...............
...............
...............
...............
...............
...............
...............
...............
...............

.#ooo..........
...............
...............
...............
...............
....@..........
...............
...............
...............
...............
...............
...............
...............
...............
...............
